relu_act:
->MYRIAD:
	min:   0.0001220703125
	mean:  0.000146484375
	median:0.0001220703125
	max:   0.000244140625
	std:   4.8828125e-05
->TPU:
	min:   0.0
	mean:  5.086263020833333e-06
	median:0.0
	max:   0.0001220703125
	std:   2.439286053117228e-05

relu_act_stacked3:
->MYRIAD:
	min:   0.0001220703125
	mean:  0.00013427734375
	median:0.0001220703125
	max:   0.000244140625
	std:   3.662109375e-05
->TPU:
	min:   0.0
	mean:  7.62939453125e-06
	median:0.0
	max:   0.0001220703125
	std:   2.9548517961177193e-05

relu_act_stacked8:
->MYRIAD:
	min:   0.0001220703125
	mean:  0.00015869140625
	median:0.0001220703125
	max:   0.000244140625
	std:   5.59396447138164e-05
->TPU:
	min:   0.0
	mean:  7.62939453125e-06
	median:0.0
	max:   0.0001220703125
	std:   2.9548517961177193e-05

leaky_relu_act:
->MYRIAD:
	min:   0.0001220703125
	mean:  0.00015462239583333333
	median:0.0001220703125
	max:   0.000244140625
	std:   5.3981523280524086e-05
->TPU:
	min:   0.0
	mean:  0.0
	median:0.0
	max:   0.0
	std:   0.0

leaky_relu_act_stacked3:
->MYRIAD:
	min:   0.0001220703125
	mean:  0.000146484375
	median:0.0001220703125
	max:   0.000244140625
	std:   4.882812500000001e-05
->TPU:
	min:   0.0
	mean:  0.0
	median:0.0
	max:   0.0
	std:   0.0

leaky_relu_act_stacked8:
->MYRIAD:
	min:   0.0001220703125
	mean:  0.0001708984375
	median:0.0001220703125
	max:   0.000244140625
	std:   5.980199567341743e-05
->TPU:
	min:   0.0
	mean:  0.0
	median:0.0
	max:   0.0
	std:   0.0

tanh_act:
->MYRIAD:
	min:   0.0001220703125
	mean:  0.0001708984375
	median:0.0001220703125
	max:   0.000244140625
	std:   5.9801995673417445e-05
->TPU:
	min:   0.0
	mean:  5.086263020833333e-06
	median:0.0
	max:   0.0001220703125
	std:   2.439286053117228e-05

tanh_act_stacked3:
->MYRIAD:
	min:   0.0001220703125
	mean:  0.0001708984375
	median:0.0001220703125
	max:   0.000244140625
	std:   5.980199567341743e-05
->TPU:
	min:   0.0
	mean:  0.0
	median:0.0
	max:   0.0
	std:   0.0

tanh_act_stacked8:
->MYRIAD:
	min:   0.0001220703125
	mean:  0.0001708984375
	median:0.0001220703125
	max:   0.000244140625
	std:   5.980199567341743e-05
->TPU:
	min:   0.0
	mean:  1.52587890625e-05
	median:0.0
	max:   0.0001220703125
	std:   4.037096116736741e-05

sigmoid_act:
->MYRIAD:
	min:   0.0001220703125
	mean:  0.00013834635416666666
	median:0.0001220703125
	max:   0.000244140625
	std:   4.1495927031191274e-05
->TPU:
	min:   0.0
	mean:  1.52587890625e-05
	median:0.0
	max:   0.0001220703125
	std:   4.037096116736741e-05

sigmoid_act_stacked3:
->MYRIAD:
	min:   0.0001220703125
	mean:  0.000146484375
	median:0.0001220703125
	max:   0.000244140625
	std:   4.8828125e-05
->TPU:
	min:   0.0
	mean:  1.52587890625e-05
	median:0.0
	max:   0.0001220703125
	std:   4.037096116736741e-05

sigmoid_act_stacked8:
->MYRIAD:
	min:   0.0001220703125
	mean:  0.0001220703125
	median:0.0001220703125
	max:   0.0001220703125
	std:   0.0
->TPU:
	min:   0.0
	mean:  1.52587890625e-05
	median:0.0
	max:   0.0001220703125
	std:   4.037096116736741e-05

scalar_mult:
->MYRIAD:
	min:   0.0001220703125
	mean:  0.0001953125
	median:0.000244140625
	max:   0.000244140625
	std:   5.9801995673417445e-05
->TPU:
	min:   0.0
	mean:  0.0
	median:0.0
	max:   0.0
	std:   0.0

scalar_mult_stacked3:
->MYRIAD:
	min:   0.0001220703125
	mean:  0.0001708984375
	median:0.0001220703125
	max:   0.000244140625
	std:   5.980199567341743e-05
->TPU:
	min:   0.0
	mean:  0.0
	median:0.0
	max:   0.0
	std:   0.0

scalar_mult_stacked8:
->MYRIAD:
	min:   0.0001220703125
	mean:  0.0002197265625
	median:0.000244140625
	max:   0.000244140625
	std:   4.882812500000001e-05
->TPU:
	min:   0.0
	mean:  0.0
	median:0.0
	max:   0.0
	std:   0.0

small_dense:
->MYRIAD:
	min:   0.0001220703125
	mean:  0.00015462239583333333
	median:0.0001220703125
	max:   0.000244140625
	std:   5.3981523280524086e-05
->TPU:
	min:   0.0
	mean:  1.52587890625e-05
	median:0.0
	max:   0.0001220703125
	std:   4.037096116736741e-05

small_dense_stacked3:
->MYRIAD:
	min:   0.0001220703125
	mean:  0.000146484375
	median:0.0001220703125
	max:   0.000244140625
	std:   4.8828125e-05
->TPU:
	min:   0.0
	mean:  0.0
	median:0.0
	max:   0.0
	std:   0.0

small_dense_stacked8:
->MYRIAD:
	min:   0.0001220703125
	mean:  0.0001708984375
	median:0.0001220703125
	max:   0.000244140625
	std:   5.980199567341743e-05
->TPU:
	min:   0.0
	mean:  1.52587890625e-05
	median:0.0
	max:   0.0001220703125
	std:   4.037096116736741e-05

big_dense:
->MYRIAD:
	min:   0.0001220703125
	mean:  0.00018717447916666668
	median:0.000244140625
	max:   0.000244140625
	std:   6.089937152952378e-05
->TPU:
	min:   0.0
	mean:  0.00022379557291666666
	median:0.0
	max:   0.000732421875
	std:   0.00028772248583436993

big_dense_stacked3:
->MYRIAD:
	min:   0.0001220703125
	mean:  0.0001708984375
	median:0.0001220703125
	max:   0.000244140625
	std:   5.980199567341743e-05
->TPU:
	min:   0.0
	mean:  3.0517578125e-05
	median:0.0
	max:   0.0001220703125
	std:   5.285799583645255e-05

big_dense_stacked8:
->MYRIAD:
	min:   0.0001220703125
	mean:  0.0002197265625
	median:0.000244140625
	max:   0.000244140625
	std:   4.882812500000001e-05
->TPU:
	min:   0.0006103515625
	mean:  0.0006256103515625
	median:0.0006103515625
	max:   0.000732421875
	std:   4.037096116736741e-05

simple_conv2d:
->MYRIAD:
	min:   0.0010986328125
	mean:  0.0023274739583333333
	median:0.002197265625
	max:   0.0028076171875
	std:   0.0004262956007066665
->TPU:
	min:   0.0001220703125
	mean:  0.0002543131510416667
	median:0.000244140625
	max:   0.0003662109375
	std:   6.018147565815852e-05

simple_conv2d_stacked3:
->MYRIAD:
	min:   0.0010986328125
	mean:  0.0020263671875
	median:0.002197265625
	max:   0.0023193359375
	std:   0.00046706851732687964
->TPU:
	min:   0.000244140625
	mean:  0.000244140625
	median:0.000244140625
	max:   0.000244140625
	std:   0.0

simple_conv2d_stacked8:
->MYRIAD:
	min:   0.002685546875
	mean:  0.002783203125
	median:0.0028076171875
	max:   0.0028076171875
	std:   4.8828124999999996e-05
->TPU:
	min:   0.000244140625
	mean:  0.00030517578125
	median:0.00030517578125
	max:   0.0003662109375
	std:   6.103515625e-05

dilated_conv2d:
->MYRIAD:
	min:   0.002197265625
	mean:  0.0027994791666666667
	median:0.002685546875
	max:   0.0037841796875
	std:   0.0005733696274026216
->TPU:
	min:   0.0001220703125
	mean:  0.00023905436197916666
	median:0.000244140625
	max:   0.000244140625
	std:   2.439286053117228e-05

dilated_conv2d_stacked3:
->MYRIAD:
	min:   0.00244140625
	mean:  0.0026123046875
	median:0.002685546875
	max:   0.002685546875
	std:   9.765624999999999e-05
->TPU:
	min:   0.000244140625
	mean:  0.000244140625
	median:0.000244140625
	max:   0.000244140625
	std:   0.0

dilated_conv2d_stacked8:
->MYRIAD:
	min:   0.00341796875
	mean:  0.003564453125
	median:0.0035400390625
	max:   0.0037841796875
	std:   0.0001423572239952466
->TPU:
	min:   0.0001220703125
	mean:  0.0002288818359375
	median:0.000244140625
	max:   0.000244140625
	std:   4.037096116736741e-05

strided_conv2d:
->MYRIAD:
	min:   0.000732421875
	mean:  0.00074462890625
	median:0.000732421875
	max:   0.0008544921875
	std:   3.662109375e-05
->TPU:
	min:   0.0
	mean:  6.103515625e-05
	median:6.103515625e-05
	max:   0.0001220703125
	std:   6.103515625e-05

strided_conv2d_stacked3:
->MYRIAD:
	min:   0.000732421875
	mean:  0.000732421875
	median:0.000732421875
	max:   0.000732421875
	std:   0.0
->TPU:
	min:   0.0
	mean:  6.103515625e-05
	median:6.103515625e-05
	max:   0.0001220703125
	std:   6.103515625e-05

big_conv2d:
->MYRIAD:
	min:   0.001708984375
	mean:  0.00208282470703125
	median:0.0020751953125
	max:   0.00244140625
	std:   0.00025703247875859096
->TPU:
	min:   0.0001220703125
	mean:  0.0003306070963541667
	median:0.0003662109375
	max:   0.00048828125
	std:   9.637092753853564e-05

big_conv2d_stacked3:
->MYRIAD:
	min:   0.0020751953125
	mean:  0.0020751953125
	median:0.0020751953125
	max:   0.0020751953125
	std:   0.0
->TPU:
	min:   0.000244140625
	mean:  0.000335693359375
	median:0.0003662109375
	max:   0.0003662109375
	std:   5.285799583645255e-05

big_conv2d_stacked8:
->MYRIAD:
	min:   0.0023193359375
	mean:  0.0024169921875
	median:0.00244140625
	max:   0.00244140625
	std:   4.8828124999999996e-05
->TPU:
	min:   0.0003662109375
	mean:  0.00042724609375
	median:0.00042724609375
	max:   0.00048828125
	std:   6.103515625e-05

small_conv2d:
->MYRIAD:
	min:   0.001708984375
	mean:  0.0020263671875
	median:0.001953125
	max:   0.00244140625
	std:   0.00025914198125147553
->TPU:
	min:   0.0001220703125
	mean:  0.00023396809895833334
	median:0.000244140625
	max:   0.000244140625
	std:   3.373845205032755e-05

small_conv2d_stacked3:
->MYRIAD:
	min:   0.001953125
	mean:  0.001953125
	median:0.001953125
	max:   0.001953125
	std:   0.0
->TPU:
	min:   0.000244140625
	mean:  0.000244140625
	median:0.000244140625
	max:   0.000244140625
	std:   0.0

small_conv2d_stacked8:
->MYRIAD:
	min:   0.0023193359375
	mean:  0.0023681640625
	median:0.0023193359375
	max:   0.00244140625
	std:   5.980199567341743e-05
->TPU:
	min:   0.0001220703125
	mean:  0.0002288818359375
	median:0.000244140625
	max:   0.000244140625
	std:   4.037096116736741e-05

many_conv2d:
many_conv2d_stacked3:
many_conv2d_stacked8:
few_conv2d:
->MYRIAD:
	min:   0.0009765625
	mean:  0.0012532552083333334
	median:0.001220703125
	max:   0.0015869140625
	std:   0.0002016522085508442
->TPU:
	min:   0.0001220703125
	mean:  0.00012715657552083334
	median:0.0001220703125
	max:   0.000244140625
	std:   2.439286053117228e-05

few_conv2d_stacked3:
->MYRIAD:
	min:   0.0010986328125
	mean:  0.001171875
	median:0.001220703125
	max:   0.001220703125
	std:   5.980199567341744e-05
->TPU:
	min:   0.0001220703125
	mean:  0.0001220703125
	median:0.0001220703125
	max:   0.0001220703125
	std:   0.0

few_conv2d_stacked8:
->MYRIAD:
	min:   0.0013427734375
	mean:  0.001513671875
	median:0.0015869140625
	max:   0.0015869140625
	std:   9.765624999999999e-05
->TPU:
	min:   0.0001220703125
	mean:  0.0001373291015625
	median:0.0001220703125
	max:   0.000244140625
	std:   4.037096116736741e-05

