relu_act:
->CPU:
	min:   4.7450999772991054e-05
	mean:  5.3932041335805504e-05
	median:4.9747000048228074e-05
	max:   0.0040011510000113
	std:   4.423043691795423e-05
->GPU:
	min:   0.00010406399997
	mean:  0.00018119144377264055
	median:0.0001684245007709
	max:   0.0054651640002703
	std:   7.817355400536816e-05
->MYRIAD:
	min:   0.0013520849988708
	mean:  0.0018953015314627157
	median:0.0017759819984348
	max:   0.0054300720003084
	std:   0.0004534012847036908
->TPU:
	min:   2.505999873392284e-06
	mean:  0.00011048975260466453
	median:0.0001150645000506987
	max:   0.0006244340002012
	std:   0.00010527149995128147

relu_act_stacked3:
->CPU:
	min:   4.759699913847726e-05
	mean:  5.336615876079913e-05
	median:4.959800025972072e-05
	max:   0.0004032349988847
	std:   2.7138736074945584e-05
->GPU:
	min:   0.0001297960006922
	mean:  0.00018938801350789
	median:0.0001747465003063
	max:   0.0007701610002186
	std:   5.983826657871057e-05
->MYRIAD:
	min:   0.0013902229984523
	mean:  0.0018339296270326573
	median:0.0016754379994381
	max:   0.0054300720003084
	std:   0.000421331783423372
->TPU:
	min:   3.7910003811703055e-06
	mean:  0.00010612151147623976
	median:0.00011184100003443676
	max:   0.0003933859998141
	std:   9.736873524978665e-05

relu_act_stacked8:
->CPU:
	min:   4.7450999772991054e-05
	mean:  5.3817458094258324e-05
	median:4.980599987902679e-05
	max:   0.0004221100007271
	std:   2.7312022069006374e-05
->GPU:
	min:   0.00012930199955
	mean:  0.000192806170652184
	median:0.0001765930010151
	max:   0.0037848210004085
	std:   6.91303315952308e-05
->MYRIAD:
	min:   0.0014690470015921
	mean:  0.001975614313551123
	median:0.0018932169987238
	max:   0.0041767980001168
	std:   0.0004560600415945631
->TPU:
	min:   6.763999863323988e-06
	mean:  0.00011790216015470112
	median:0.0001150645000506987
	max:   0.0006244340002012
	std:   0.00011495757967846292

leaky_relu_act:
->CPU:
	min:   4.759100011142437e-05
	mean:  5.390779670941472e-05
	median:4.9901000238605775e-05
	max:   0.0004221100007271
	std:   2.7085633353674037e-05
->GPU:
	min:   0.0001057280005625
	mean:  0.00018236059467117275
	median:0.00017045849972414999
	max:   0.0037848210004085
	std:   6.927102951600185e-05
->MYRIAD:
	min:   0.0013520849988708
	mean:  0.0018416950335638916
	median:0.0016700369997124
	max:   0.0054300720003084
	std:   0.0004282337201590098
->TPU:
	min:   2.505999873392284e-06
	mean:  1.0855111653255515e-05
	median:9.427499662706396e-06
	max:   5.533499961529742e-05
	std:   5.811282657822932e-06

leaky_relu_act_stacked3:
->CPU:
	min:   4.759699913847726e-05
	mean:  5.345467854963133e-05
	median:4.961849936080398e-05
	max:   0.000401620998673
	std:   2.7112046503888245e-05
->GPU:
	min:   0.000133065999762
	mean:  0.0001924505633302028
	median:0.0001770900003066
	max:   0.0007701610002186
	std:   6.043099328809959e-05
->MYRIAD:
	min:   0.0013956339989817
	mean:  0.0018012514856723715
	median:0.0016178390033019
	max:   0.0054300720003084
	std:   0.0004012989865765909
->TPU:
	min:   3.7910003811703055e-06
	mean:  1.03960058606134e-05
	median:8.056499837039155e-06
	max:   4.86200001432735e-05
	std:   5.327350084714542e-06

leaky_relu_act_stacked8:
->CPU:
	min:   4.7834999350016005e-05
	mean:  5.417517951903639e-05
	median:4.990900015400257e-05
	max:   0.0004221100007271
	std:   2.7763006853935952e-05
->GPU:
	min:   0.0001347249999525
	mean:  0.00019982085969246074
	median:0.00018273399973615
	max:   0.0037848210004085
	std:   7.597483235751286e-05
->MYRIAD:
	min:   0.0014690470015921
	mean:  0.0019766626261086225
	median:0.0018844169971998
	max:   0.0041767980001168
	std:   0.0004575594559657951
->TPU:
	min:   6.763999863323988e-06
	mean:  1.5060801267230417e-05
	median:1.3895500160288066e-05
	max:   5.533499961529742e-05
	std:   5.03628991166247e-06

tanh_act:
->CPU:
	min:   4.830299985769671e-05
	mean:  5.5285047468778735e-05
	median:5.148099990037736e-05
	max:   0.0004404170013003
	std:   2.678586015781544e-05
->GPU:
	min:   0.0001047260011546
	mean:  0.0002035325303145506
	median:0.00019310699917689998
	max:   0.0008585120003772
	std:   7.552216629297189e-05
->MYRIAD:
	min:   0.001344661002804
	mean:  0.0018915853407753917
	median:0.0018051320012090499
	max:   0.0072125309998227
	std:   0.000442941648674421
->TPU:
	min:   0.0001799070000743
	mean:  0.00030661275505149257
	median:0.0002802184997108
	max:   0.0017201880000357
	std:   0.00010353639787696294

tanh_act_stacked3:
->CPU:
	min:   4.830299985769671e-05
	mean:  5.462127425559431e-05
	median:5.067000074632233e-05
	max:   0.0004052900003443
	std:   2.6903258277688993e-05
->GPU:
	min:   0.0001485329994466
	mean:  0.00022398927636531864
	median:0.00020829250024685
	max:   0.0007996200001798
	std:   6.524016574951221e-05
->MYRIAD:
	min:   0.0014055620013095
	mean:  0.0018818897005307468
	median:0.0018127100011042
	max:   0.0040140390010492
	std:   0.0004292833680599707
->TPU:
	min:   0.0002005709998229
	mean:  0.0002714331674881879
	median:0.00021830400009999998
	max:   0.0007737089999864
	std:   0.00010794517571325877

tanh_act_stacked8:
->CPU:
	min:   5.016800059820525e-05
	mean:  5.639077930060349e-05
	median:5.213599979470018e-05
	max:   0.0004404170013003
	std:   2.7467836206135727e-05
->GPU:
	min:   0.0001558419990033
	mean:  0.00023825568813681176
	median:0.00022702150045005
	max:   0.0008585120003772
	std:   6.802568435018535e-05
->MYRIAD:
	min:   0.0014731400005985
	mean:  0.0019990503289279197
	median:0.00189300949932655
	max:   0.0072125309998227
	std:   0.00046685705307567693
->TPU:
	min:   0.000248730000294
	mean:  0.00030712788282523677
	median:0.00028223300023450003
	max:   0.0007572760000584
	std:   7.080037859032142e-05

sigmoid_act:
->CPU:
	min:   4.768000144395046e-05
	mean:  5.419818033648484e-05
	median:5.037500159232877e-05
	max:   0.0004323089997342
	std:   2.7106794325048324e-05
->GPU:
	min:   0.0001041359992086
	mean:  0.00019268020659058904
	median:0.0001811020001696
	max:   0.0008367399996132
	std:   7.177879405460911e-05
->MYRIAD:
	min:   0.0013614259987662
	mean:  0.0018617942579040756
	median:0.0016989390005619
	max:   0.0051803179994749
	std:   0.00044146662396349736
->TPU:
	min:   0.0001774610000211
	mean:  0.0002594953919283595
	median:0.00023933300008135001
	max:   0.0011451929995018
	std:   8.143437651693298e-05

sigmoid_act_stacked3:
->CPU:
	min:   4.7867999455775134e-05
	mean:  5.3891862309343914e-05
	median:5.006600076740142e-05
	max:   0.0004323089997342
	std:   2.7456899933443175e-05
->GPU:
	min:   0.0001400319997628
	mean:  0.00020460973697636925
	median:0.0001858939995145
	max:   0.0007751969997116
	std:   6.393897736365498e-05
->MYRIAD:
	min:   0.0013994879991514
	mean:  0.0018762980804325439
	median:0.0017928305005625
	max:   0.0046533540007658
	std:   0.0004594835889485226
->TPU:
	min:   0.0001774610000211
	mean:  0.00024762185889821227
	median:0.0002192920001107
	max:   0.0007332630002565
	std:   7.341015056892884e-05

sigmoid_act_stacked8:
->CPU:
	min:   4.92389990540687e-05
	mean:  5.527183201703345e-05
	median:5.152999983693008e-05
	max:   0.0004051980013173
	std:   2.706534907661886e-05
->GPU:
	min:   0.000156670999786
	mean:  0.00023111914239297283
	median:0.000214847999814
	max:   0.0008367399996132
	std:   6.569969359829713e-05
->MYRIAD:
	min:   0.0014618749992223
	mean:  0.001947626017523218
	median:0.0018309695005882
	max:   0.0043271009999443
	std:   0.000448186174598086
->TPU:
	min:   0.0002596220001578
	mean:  0.00030896339501125617
	median:0.000284089499928
	max:   0.0007454689994119
	std:   6.948698518789743e-05

scalar_mult:
->CPU:
	min:   4.735099901154172e-05
	mean:  5.3928702021976015e-05
	median:4.957000055583194e-05
	max:   0.0041960639991884
	std:   5.848210600782907e-05
->GPU:
	min:   0.0001295590009249
	mean:  0.00018875384110442526
	median:0.0001726079990476
	max:   0.0093451940001614
	std:   9.966735820756358e-05
->MYRIAD:
	min:   0.0013592199975391
	mean:  0.00178125658642742
	median:0.00160143750053975
	max:   0.0075574139991658
	std:   0.00042575824877066215
->TPU:
	min:   0.0001567109993629
	mean:  0.00024070944905587316
	median:0.00022118150013735
	max:   0.0006938040005479
	std:   7.670995661567686e-05

scalar_mult_stacked3:
->CPU:
	min:   4.738400093629025e-05
	mean:  5.3290404464925744e-05
	median:4.956500015396159e-05
	max:   0.0004030239997518
	std:   2.701429785025351e-05
->GPU:
	min:   0.0001295590009249
	mean:  0.00018433177296353856
	median:0.0001698110004326
	max:   0.0007460679998985
	std:   5.961853735946311e-05
->MYRIAD:
	min:   0.0013738230009039
	mean:  0.001779009729156118
	median:0.0015961659992171
	max:   0.0052300540010037
	std:   0.0004252499926556314
->TPU:
	min:   0.0001624689994059
	mean:  0.00022608410985797784
	median:0.00020510249987634998
	max:   0.0006938040005479
	std:   5.555101628769229e-05

scalar_mult_stacked8:
->CPU:
	min:   4.75430006190436e-05
	mean:  5.329121159084754e-05
	median:4.9545498768566176e-05
	max:   0.0004279500008124
	std:   2.7429910687529823e-05
->GPU:
	min:   0.0001307059992541
	mean:  0.00018794887693987817
	median:0.00017328349986195
	max:   0.0007773970000926
	std:   6.023640655584914e-05
->MYRIAD:
	min:   0.0013634490005642
	mean:  0.0018009164767314872
	median:0.0016216445010286
	max:   0.0045960509996803
	std:   0.00043101488329364766
->TPU:
	min:   0.0002179670000259
	mean:  0.0002827365083126342
	median:0.00023800750000185
	max:   0.0006490440000561
	std:   8.840047087552302e-05

small_dense:
->CPU:
	min:   5.52950004930608e-05
	mean:  7.445144970860793e-05
	median:6.627099992329022e-05
	max:   0.0004816389991901
	std:   3.254170000067921e-05
->GPU:
	min:   0.0001425240006938
	mean:  0.00026816960058616583
	median:0.0002608890008559
	max:   0.001103268999941
	std:   8.471717659666868e-05
->MYRIAD:
	min:   0.0013692920001631
	mean:  0.0019173638379647137
	median:0.0017479729976912
	max:   0.0046771689994784
	std:   0.000471869051815526
->TPU:
	min:   0.0001780659999894
	mean:  0.0002906714189476579
	median:0.0002510694998818
	max:   0.0007681309998588
	std:   8.891187211054367e-05

small_dense_stacked3:
->CPU:
	min:   5.980300011287909e-05
	mean:  7.247601284543155e-05
	median:6.506850058940472e-05
	max:   0.0004793690004589
	std:   3.206196866194289e-05
->GPU:
	min:   0.0001653719991736
	mean:  0.00024702668993722494
	median:0.0002353565000703
	max:   0.0008338790003108
	std:   6.643722052401627e-05
->MYRIAD:
	min:   0.001447119999284
	mean:  0.0018867439512183831
	median:0.00177467250068725
	max:   0.0046771689994784
	std:   0.0004190856269952088
->TPU:
	min:   0.0002133370003321
	mean:  0.00025879456640827035
	median:0.00024832550002425
	max:   0.0005126619998918
	std:   4.021520756101611e-05

small_dense_stacked8:
->CPU:
	min:   6.969300011405721e-05
	mean:  8.297299756776113e-05
	median:7.611199998791562e-05
	max:   0.0004816389991901
	std:   3.08961104675516e-05
->GPU:
	min:   0.0002292879999004
	mean:  0.0003323876891284053
	median:0.0003175000001647
	max:   0.001103268999941
	std:   7.585390930105601e-05
->MYRIAD:
	min:   0.001600955001777
	mean:  0.002141077607086628
	median:0.0019937264996769503
	max:   0.0038762650001444
	std:   0.0005023836754583766
->TPU:
	min:   0.0003245080001761
	mean:  0.0003908527758879863
	median:0.00036937749996465003
	max:   0.0007681309998588
	std:   7.422978410277203e-05

big_dense:
->CPU:
	min:   6.029699943610467e-05
	mean:  0.00013845856281693755
	median:8.502899981976952e-05
	max:   0.0153073720002794
	std:   0.00017869925071961368
->GPU:
	min:   0.0001454220000596
	mean:  0.0003638403440742562
	median:0.00030274549999369997
	max:   0.0045184600003267
	std:   0.0001723867248661963
->MYRIAD:
	min:   0.0013913410002714
	mean:  0.002095620924378808
	median:0.0019152739987475
	max:   0.004907799000648
	std:   0.0005311171175586959
->TPU:
	min:   0.0002123510003002
	mean:  0.008463774267579998
	median:0.00044623449980455
	max:   0.0263260040001114
	std:   0.011429856693857708

big_dense_stacked3:
->CPU:
	min:   7.97100001364015e-05
	mean:  9.38010709437717e-05
	median:8.484799946018029e-05
	max:   0.0013198599990573
	std:   4.736992806642158e-05
->GPU:
	min:   0.0002050760003839
	mean:  0.0002997471791900964
	median:0.00028602949987535
	max:   0.0009551119992465
	std:   7.13498975080964e-05
->MYRIAD:
	min:   0.0015027360022941
	mean:  0.002014782549826377
	median:0.0019091035010205
	max:   0.0035824620008497
	std:   0.00045622121766534547
->TPU:
	min:   0.0004024439995191
	mean:  0.00046080249365118624
	median:0.0004398699998091
	max:   0.000837335000142
	std:   6.219077385546755e-05

big_dense_stacked8:
->CPU:
	min:   0.0002141530003427
	mean:  0.00024643755256988943
	median:0.0002338760004931
	max:   0.0010547450001467
	std:   5.550629528431614e-05
->GPU:
	min:   0.0004241709993948
	mean:  0.0005650019625750515
	median:0.0005478080001921
	max:   0.0013037180005994
	std:   8.815130939600102e-05
->MYRIAD:
	min:   0.0017714949972287
	mean:  0.0024204892049253216
	median:0.0023714024991931502
	max:   0.004907799000648
	std:   0.0005422935082909322
->TPU:
	min:   0.0242690220002259
	mean:  0.024627538850099606
	median:0.02462704250001475
	max:   0.0263260040001114
	std:   5.7802763264418404e-05

simple_conv2d:
->CPU:
	min:   0.000439738998466
	mean:  0.0011068622487614974
	median:0.0009335354998256001
	max:   0.0060055939993617
	std:   0.0005900465740162667
->GPU:
	min:   0.0006698760007566
	mean:  0.0013513557354275362
	median:0.0012114035002923499
	max:   0.0050215740002386
	std:   0.0005070168784666229
->MYRIAD:
	min:   0.0056130739994841
	mean:  0.01116306258686824
	median:0.0103673850026098
	max:   0.0172411560015461
	std:   0.0028364299914581037
->TPU:
	min:   0.010345118999794
	mean:  0.010783504940268472
	median:0.01068859399970275
	max:   0.0157171540004128
	std:   0.0005710481306781504

simple_conv2d_stacked3:
->CPU:
	min:   0.0008896319995983
	mean:  0.0009388822462759837
	median:0.0009335730010207
	max:   0.0022922650005057
	std:   4.900186802937555e-05
->GPU:
	min:   0.0010017929998866
	mean:  0.0012053297698558345
	median:0.00121057149954135
	max:   0.0022103960000094
	std:   9.021178052974696e-05
->MYRIAD:
	min:   0.0076244629999564
	mean:  0.010335076663314938
	median:0.0103673850026098
	max:   0.0110371999980998
	std:   0.0004376822390366795
->TPU:
	min:   0.0104249629998776
	mean:  0.010811882124008852
	median:0.01075117250024955
	max:   0.0157171540004128
	std:   0.0005660880205630839

simple_conv2d_stacked8:
->CPU:
	min:   0.0018465299999661
	mean:  0.0018970330935893832
	median:0.00189240299914665
	max:   0.0027608010004769
	std:   3.6500458367030075e-05
->GPU:
	min:   0.0018020820007222
	mean:  0.00201449311132447
	median:0.00198805950003585
	max:   0.0046873380006218
	std:   0.00015061791290046702
->MYRIAD:
	min:   0.0125414659996749
	mean:  0.014942299278126882
	median:0.014905308999004701
	max:   0.0172411560015461
	std:   0.00027647712948476396
->TPU:
	min:   0.0104172680003102
	mean:  0.010939480225595098
	median:0.0107416579999153
	max:   0.0148647469995921
	std:   0.000618665819682013

dilated_conv2d:
->CPU:
	min:   0.0004303940004319
	mean:  0.0010029785483516506
	median:0.0008727029999135
	max:   0.0048124049999387
	std:   0.0004856977200427685
->GPU:
	min:   0.0006091410004955
	mean:  0.0012840007006370102
	median:0.00115050499971395
	max:   0.0049504569997225
	std:   0.00048813807915430686
->MYRIAD:
	min:   0.0062161710011423
	mean:  0.014527295327272443
	median:0.0132103270007064
	max:   0.0222432839982502
	std:   0.0052302667756167825
->TPU:
	min:   0.0088172220002888
	mean:  0.009914879689774928
	median:0.0100775910002539
	max:   0.0150128479999693
	std:   0.0006796879742676352

dilated_conv2d_stacked3:
->CPU:
	min:   0.0008100160011963
	mean:  0.0008764703269840414
	median:0.0008727749991521
	max:   0.0017517050000606
	std:   3.7411656708140624e-05
->GPU:
	min:   0.000966581999819
	mean:  0.0011499780244258763
	median:0.0011496760002955501
	max:   0.0022799200005465
	std:   0.00011399787969170911
->MYRIAD:
	min:   0.0106213119997846
	mean:  0.013213126076491237
	median:0.0132103270007064
	max:   0.0151776540005812
	std:   0.00030269152144387257
->TPU:
	min:   0.0096973370000341
	mean:  0.010093169314444149
	median:0.009941407000042049
	max:   0.0150128479999693
	std:   0.000611634939207265

dilated_conv2d_stacked8:
->CPU:
	min:   0.0015956649986037
	mean:  0.0016480698053200577
	median:0.00164201450024845
	max:   0.0030784009995841
	std:   5.4957402795312975e-05
->GPU:
	min:   0.0017068400011339
	mean:  0.001918352081236322
	median:0.001897738999105
	max:   0.003087940000114
	std:   0.00012705872868360192
->MYRIAD:
	min:   0.0192992809970746
	mean:  0.02147605826759946
	median:0.0214299440012837
	max:   0.0222432839982502
	std:   0.00023373325959653965
->TPU:
	min:   0.0088172220002888
	mean:  0.009384939568847004
	median:0.009130989999903201
	max:   0.013612951000141
	std:   0.0006719582518989799

strided_conv2d:
->CPU:
	min:   0.0002207470006396
	mean:  0.00025770895685693157
	median:0.0002503255000192
	max:   0.0044524349996208
	std:   7.306360549858844e-05
->GPU:
	min:   0.0003146609997202
	mean:  0.0005175128684665543
	median:0.00051804749955405
	max:   0.0045843570005672
	std:   0.00011016753955047715
->MYRIAD:
	min:   0.0021882629989704
	mean:  0.003421212676657069
	median:0.0037941500013403
	max:   0.0051452469997457
	std:   0.0008266523833991649
->TPU:
	min:   0.0019619599997895
	mean:  0.002803665569088396
	median:0.00271221449997935
	max:   0.003625715000453
	std:   0.0004926128134326693

strided_conv2d_stacked3:
->CPU:
	min:   0.0002207470006396
	mean:  0.0002558515004672585
	median:0.0002506930013623
	max:   0.0008567610002501
	std:   3.456816754844001e-05
->GPU:
	min:   0.0003554140002961
	mean:  0.0005418098450683007
	median:0.00054259100033955
	max:   0.0013408499999059
	std:   8.694569055415593e-05
->MYRIAD:
	min:   0.0021882629989704
	mean:  0.0034616620818184144
	median:0.00387300949932975
	max:   0.0051452469997457
	std:   0.0008365494381768631
->TPU:
	min:   0.0019619599997895
	mean:  0.002478582756830989
	median:0.0025937769999018
	max:   0.0028012669999952
	std:   0.0002518854321004956

big_conv2d:
->CPU:
	min:   0.0005843569997523
	mean:  0.003038773692738256
	median:0.0026109070004167
	max:   0.0082288490011706
	std:   0.0021653319912127394
->GPU:
	min:   0.0006376399996952
	mean:  0.0018074328255017443
	median:0.0015914850009721
	max:   0.0048315470003217
	std:   0.0009250586302181431
->MYRIAD:
	min:   0.0056827160005923
	mean:  0.011769885439040251
	median:0.0111996710002131
	max:   0.0168736610030464
	std:   0.0033668465748737052
->TPU:
	min:   0.0096829159992921
	mean:  0.01056039498892828
	median:0.01028808149999345
	max:   0.0152136229999086
	std:   0.0008010999656824933

big_conv2d_stacked3:
->CPU:
	min:   0.0025646179983596
	mean:  0.0026170418543290538
	median:0.002611085999888
	max:   0.0047609740013285
	std:   5.6768272477126564e-05
->GPU:
	min:   0.0013623350005218
	mean:  0.0015996232622074488
	median:0.001591621999978
	max:   0.0024780299991107
	std:   0.00010302063964690828
->MYRIAD:
	min:   0.0087325909989885
	mean:  0.011191845757819209
	median:0.0111996710002131
	max:   0.0120601660000829
	std:   0.00033072882873372197
->TPU:
	min:   0.0100107650000609
	mean:  0.010427149398929412
	median:0.0103283000000828
	max:   0.0142829900000833
	std:   0.000491283695833124

big_conv2d_stacked8:
->CPU:
	min:   0.0058080599992536
	mean:  0.005890091265632037
	median:0.005882614001166
	max:   0.0082288490011706
	std:   4.914929915072574e-05
->GPU:
	min:   0.0027841029996125
	mean:  0.003023211770007969
	median:0.0029711994993704
	max:   0.0041217289999622
	std:   0.00016878751978033322
->MYRIAD:
	min:   0.0143828719992598
	mean:  0.01613135192905742
	median:0.01607071050057125
	max:   0.0168736610030464
	std:   0.00022329005305107047
->TPU:
	min:   0.0096829159992921
	mean:  0.011065092376941974
	median:0.010829433500020899
	max:   0.0138316480001776
	std:   0.0010410405293582103

small_conv2d:
->CPU:
	min:   0.0004085089985892
	mean:  0.0010861031532530638
	median:0.0009039784999913
	max:   0.0022350429990183
	std:   0.0005928247220662353
->GPU:
	min:   0.0005812809995404
	mean:  0.0011610923813492257
	median:0.0010417225003037998
	max:   0.003189437000401
	std:   0.0003929715085773861
->MYRIAD:
	min:   0.0047743039976921
	mean:  0.00998675378383012
	median:0.0093496814988611
	max:   0.0146154810008738
	std:   0.002764226216161939
->TPU:
	min:   0.0102905730000202
	mean:  0.010726930548015616
	median:0.0106345794999924
	max:   0.0153747959998327
	std:   0.000519698229223028

small_conv2d_stacked3:
->CPU:
	min:   0.0008540500002709
	mean:  0.0009084019907140973
	median:0.0009039674996529
	max:   0.001364289999401
	std:   3.411966345518946e-05
->GPU:
	min:   0.0008426149997831
	mean:  0.001040711776365399
	median:0.0010389915000813999
	max:   0.001861409000412
	std:   9.780311010228772e-05
->MYRIAD:
	min:   0.0066483070004323
	mean:  0.009304257885453044
	median:0.0093496814988611
	max:   0.010041967001598
	std:   0.00046466021439867995
->TPU:
	min:   0.0103752760001043
	mean:  0.010734290489756935
	median:0.01067411999997595
	max:   0.0153747959998327
	std:   0.000504729069760514

small_conv2d_stacked8:
->CPU:
	min:   0.0018278429997735
	mean:  0.0018831868308867622
	median:0.0018751610004983
	max:   0.0022350429990183
	std:   3.2758819570004616e-05
->GPU:
	min:   0.0014958660003685
	mean:  0.001673462493009476
	median:0.00166505600009255
	max:   0.003189437000401
	std:   0.00010926313446181836
->MYRIAD:
	min:   0.0112376010001753
	mean:  0.013610023353201937
	median:0.01358064749911135
	max:   0.0146154810008738
	std:   0.000247714529383159
->TPU:
	min:   0.0103777809999883
	mean:  0.010892688066395316
	median:0.010694114999978351
	max:   0.0150008410000737
	std:   0.0006012923611454318

many_conv2d:
->CPU:
	min:   0.0060974370007897
	mean:  0.12210008129941476
	median:0.088382453000122
	max:   0.3512816189995646
	std:   0.11097501303507656
->GPU:
	min:   0.0076295100006973
	mean:  0.087039980427293
	median:0.0638697505000891
	max:   0.1945172599998841
	std:   0.0758573519002053
->MYRIAD:
	min:   0.0730427339985908
	mean:  0.2964445521241794
	median:0.24085300450042263
	max:   0.5686181830005808
	std:   0.1999493156958913
->TPU:
	min:   0.1797535860005155
	mean:  0.20776901010238014
	median:0.19918547449992724
	max:   0.2601515080000354
	std:   0.02613242558110233

many_conv2d_stacked3:
->CPU:
	min:   0.0882414919997245
	mean:  0.08844456419351321
	median:0.088382453000122
	max:   0.1345739419994061
	std:   0.0010920536787717384
->GPU:
	min:   0.0633634839996375
	mean:  0.06391778864127302
	median:0.0638697505000891
	max:   0.070122357999935
	std:   0.0004541033496035753
->MYRIAD:
	min:   0.2304417880004621
	mean:  0.24077264567757725
	median:0.24085300450042263
	max:   0.243937248000293
	std:   0.0013122022682566985
->TPU:
	min:   0.1977160550000007
	mean:  0.19993125887158447
	median:0.19918375250017561
	max:   0.2119618169999739
	std:   0.0021049859760242885

many_conv2d_stacked8:
->CPU:
	min:   0.2712173179988895
	mean:  0.2716724119972156
	median:0.2716023880002467
	max:   0.3512816189995646
	std:   0.001966377292009721
->GPU:
	min:   0.1884732859998621
	mean:  0.1893221198699447
	median:0.18926137300013574
	max:   0.1945172599998841
	std:   0.00035638215915479235
->MYRIAD:
	min:   0.5540007190011238
	mean:  0.5643702997018076
	median:0.5641840960015543
	max:   0.5686181830005808
	std:   0.0009359224624776562
->TPU:
	min:   0.2371368899998742
	mean:  0.2428114607045937
	median:0.24199184399981272
	max:   0.2601515080000354
	std:   0.0036162630109759994

few_conv2d:
->CPU:
	min:   0.0003128459993604
	mean:  0.0005768001254256168
	median:0.0005210489998717
	max:   0.0046743740003876
	std:   0.00020050657296920787
->GPU:
	min:   0.0004280430002836
	mean:  0.0007925732691118442
	median:0.0007300269990082
	max:   0.0047447930000998
	std:   0.00021148015063122855
->MYRIAD:
	min:   0.0032496809999429
	mean:  0.0070397122481171675
	median:0.0067487255000742
	max:   0.0107087649994355
	std:   0.002123444417746735
->TPU:
	min:   0.0046327210002345
	mean:  0.005550991436847303
	median:0.00521368650015565
	max:   0.0095908540001801
	std:   0.000811113878019548

few_conv2d_stacked3:
->CPU:
	min:   0.0004509179998422
	mean:  0.000522115103185175
	median:0.00052077399959665
	max:   0.0009433300001546
	std:   3.644650956702909e-05
->GPU:
	min:   0.0005328869992808
	mean:  0.0007378019978937023
	median:0.0007280925001395501
	max:   0.0015973310000845
	std:   9.570268787008598e-05
->MYRIAD:
	min:   0.0044118949990661
	mean:  0.006578371799978258
	median:0.0067487255000742
	max:   0.0075718560001405
	std:   0.0005713008231816953
->TPU:
	min:   0.0049090579996118
	mean:  0.005327436593751897
	median:0.00515543349979445
	max:   0.0077182190002531
	std:   0.0005519632684585819

few_conv2d_stacked8:
->CPU:
	min:   0.0007586910014651
	mean:  0.0008324459228485069
	median:0.00082827250025725
	max:   0.0014874179996695
	std:   3.6743179022062965e-05
->GPU:
	min:   0.0008453740001641
	mean:  0.0010375678011203644
	median:0.0010388935002083
	max:   0.0019407769996178
	std:   9.783543645121103e-05
->MYRIAD:
	min:   0.0075067750003654
	mean:  0.009744766178895265
	median:0.009754079499543801
	max:   0.0107087649994355
	std:   0.0003278009097998968
->TPU:
	min:   0.0055516000002171
	mean:  0.006316760410156605
	median:0.0060174610000558
	max:   0.0095908540001801
	std:   0.0007013059318510567

