AVG of Inference Batch Tail:
----------------------------
relu_act:
->CPU:
	min:   4.804282540019827e-05
	mean:  4.969140740763213e-05
	median:4.928571428579398e-05
	max:   0.0001041997460315
	std:   4.080484648389636e-06
->GPU:
	min:   0.0001141552222165
	mean:  0.00016352726463291867
	median:0.00016645881746095
	max:   0.0002292903809521
	std:   2.3870060396229223e-05
->MYRIAD:
	min:   0.0014390807936439
	mean:  0.0018617725615905582
	median:0.0017615753015902502
	max:   0.0026946322063489
	std:   0.0003324015708314905
->TPU:
	min:   2.410190474966796e-06
	mean:  0.00010774548098542687
	median:0.00010171034920410755
	max:   0.0003617359365062
	std:   0.00010101250016008775

relu_act_stacked3:
->CPU:
	min:   4.836165078900411e-05
	mean:  4.92755220733443e-05
	median:4.9080476191958286e-05
	max:   6.10632063514444e-05
	std:   1.5530843548910325e-06
->GPU:
	min:   0.0001435926825389
	mean:  0.00017374614211312814
	median:0.0001747158888891
	max:   0.0002198687301578
	std:   1.3787548206727482e-05
->MYRIAD:
	min:   0.0014390807936439
	mean:  0.0018775660930063123
	median:0.0017603721984241001
	max:   0.0025661432539617
	std:   0.00034464001348968306
->TPU:
	min:   3.626904763511866e-06
	mean:  0.00011082161210337618
	median:9.996910316946825e-05
	max:   0.0003413949682489
	std:   0.00010507918450697498

relu_act_stacked8:
->CPU:
	min:   4.8253825391998e-05
	mean:  4.950368055541989e-05
	median:4.9504373016985944e-05
	max:   5.053052380765347e-05
	std:   4.3689069858958663e-07
->GPU:
	min:   0.000149761349204
	mean:  0.00018040249702383753
	median:0.00018176222222189998
	max:   0.0002292903809521
	std:   1.56040078408005e-05
->MYRIAD:
	min:   0.0015444837301604
	mean:  0.0019841840602672677
	median:0.0019351646587243
	max:   0.0026946322063489
	std:   0.0003482512738077688
->TPU:
	min:   6.836841257897922e-06
	mean:  0.00011031512574372319
	median:0.00010199373015875755
	max:   0.0003617359365062
	std:   0.00010125933016765527

leaky_relu_act:
->CPU:
	min:   4.836165078900411e-05
	mean:  5.02462204037602e-05
	median:4.956312698465939e-05
	max:   0.0001041997460315
	std:   5.693044952831468e-06
->GPU:
	min:   0.0001161006507933
	mean:  0.0001659367916666687
	median:0.00016657250000115
	max:   0.0002292903809521
	std:   2.4278439571326065e-05
->MYRIAD:
	min:   0.0014506529999972
	mean:  0.0018615770758928802
	median:0.00175920917460335
	max:   0.0026297053174626
	std:   0.0003163140888921725
->TPU:
	min:   2.410190474966796e-06
	mean:  9.856233630944428e-06
	median:8.719444445483128e-06
	max:   2.1174714285215096e-05
	std:   4.826292831644772e-06

leaky_relu_act_stacked3:
->CPU:
	min:   4.836165078900411e-05
	mean:  4.941773363114747e-05
	median:4.9080476191958286e-05
	max:   6.10632063514444e-05
	std:   2.1350332836462248e-06
->GPU:
	min:   0.0001449167777811
	mean:  0.00017620794047617182
	median:0.0001753290714297
	max:   0.0002198687301578
	std:   1.5686310207036218e-05
->MYRIAD:
	min:   0.0014879116508006
	mean:  0.0019151565302585843
	median:0.0017987829999958
	max:   0.0025661432539617
	std:   0.0003401227363561933
->TPU:
	min:   3.626904763511866e-06
	mean:  9.665770833739847e-06
	median:7.66669047643229e-06
	max:   1.7692222215936498e-05
	std:   4.566319884242645e-06

leaky_relu_act_stacked8:
->CPU:
	min:   4.864771428748056e-05
	mean:  4.95458313485826e-05
	median:4.953599999868265e-05
	max:   5.053052380765347e-05
	std:   4.2669863439243216e-07
->GPU:
	min:   0.000149761349204
	mean:  0.00018200262797601877
	median:0.00018436577777675
	max:   0.0002292903809521
	std:   1.7545744064670553e-05
->MYRIAD:
	min:   0.0015746718730201
	mean:  0.0019402064856162032
	median:0.0019288113253928501
	max:   0.0026297053174626
	std:   0.000306771165812916
->TPU:
	min:   6.836841257897922e-06
	mean:  1.3658728173974548e-05
	median:1.358852381643027e-05
	max:   2.1174714285215096e-05
	std:   3.6019673853372857e-06

tanh_act:
->CPU:
	min:   4.9277380957579545e-05
	mean:  5.109585218208312e-05
	median:5.09688095209842e-05
	max:   5.320084126593891e-05
	std:   9.060757968592047e-07
->GPU:
	min:   0.0001124873492067
	mean:  0.00018840374884264896
	median:0.00020090496031785
	max:   0.0002973619523814
	std:   4.195624189850081e-05
->MYRIAD:
	min:   0.0014595553174591
	mean:  0.0018675183029094686
	median:0.001789251396823
	max:   0.0027271873968279
	std:   0.00032338453016991965
->TPU:
	min:   0.0001876210317421
	mean:  0.0002704714350208178
	median:0.0002723021746006
	max:   0.0005628865396829
	std:   7.782853725815858e-05

tanh_act_stacked3:
->CPU:
	min:   4.9277380957579545e-05
	mean:  5.053301934449589e-05
	median:5.0423111108304714e-05
	max:   5.1817682539140585e-05
	std:   6.005749357836263e-07
->GPU:
	min:   0.0001718923492067
	mean:  0.00020698843551627806
	median:0.00020817443650735
	max:   0.0002405874285726
	std:   1.6497771782086297e-05
->MYRIAD:
	min:   0.0014941157460415
	mean:  0.0018302472440495
	median:0.0017667441428611
	max:   0.0024519624762072
	std:   0.0002891376278504571
->TPU:
	min:   0.0002092007142935
	mean:  0.0002580300158747719
	median:0.00021804004762675
	max:   0.0004897168571424
	std:   7.491047619506313e-05

tanh_act_stacked8:
->CPU:
	min:   5.140046031888304e-05
	mean:  5.2130763888289806e-05
	median:5.2065841268741346e-05
	max:   5.320084126593891e-05
	std:   4.109895486394426e-07
->GPU:
	min:   0.0001913783333343
	mean:  0.00022262068551553752
	median:0.00021600782539665
	max:   0.0002973619523814
	std:   2.322689069221305e-05
->MYRIAD:
	min:   0.0015743312698528
	mean:  0.002042086083827809
	median:0.00197881774602855
	max:   0.0027271873968279
	std:   0.0003499644311379738
->TPU:
	min:   0.0002717476190449
	mean:  0.00030015400446444684
	median:0.0002848999365055
	max:   0.0005628865396829
	std:   5.342670158537286e-05

sigmoid_act:
->CPU:
	min:   4.8445206348766254e-05
	mean:  5.000667476838858e-05
	median:4.9644285715499234e-05
	max:   5.198974603055311e-05
	std:   1.1265937058007037e-06
->GPU:
	min:   0.0001137651587279
	mean:  0.00018235970502635836
	median:0.0001941974047631
	max:   0.0002491295873001
	std:   4.0941543193492085e-05
->MYRIAD:
	min:   0.0014429266031786
	mean:  0.0018406078855821631
	median:0.0018004185396912
	max:   0.0026641570634926
	std:   0.0003094042647884372
->TPU:
	min:   0.0001875917777801
	mean:  0.0002531780347226292
	median:0.0002386059523807
	max:   0.0005093899523801
	std:   6.258255206641547e-05

sigmoid_act_stacked3:
->CPU:
	min:   4.8828920640401534e-05
	mean:  4.962975992049854e-05
	median:4.9634349204372104e-05
	max:   5.065044444477064e-05
	std:   3.7349117599398656e-07
->GPU:
	min:   0.000153017999999
	mean:  0.00019386188938518435
	median:0.00019483015873105
	max:   0.0002340308888881
	std:   1.770580916067977e-05
->MYRIAD:
	min:   0.0014671094285736
	mean:  0.001837000104165909
	median:0.0018240382777736002
	max:   0.002528723476189
	std:   0.00029172328537643616
->TPU:
	min:   0.000209746968245
	mean:  0.00024521793402824374
	median:0.00022123025396894998
	max:   0.0005093899523801
	std:   5.878970330498684e-05

sigmoid_act_stacked8:
->CPU:
	min:   5.051355555989421e-05
	mean:  5.1453396328575146e-05
	median:5.140099999932447e-05
	max:   5.198974603055311e-05
	std:   3.7484567149125186e-07
->GPU:
	min:   0.0001928104920627
	mean:  0.00022210683680501871
	median:0.00022085915873045002
	max:   0.0002491295873001
	std:   1.6163322851214036e-05
->MYRIAD:
	min:   0.0015314566031693
	mean:  0.001967204166667674
	median:0.0019305326825396
	max:   0.0026641570634926
	std:   0.0003009857152132469
->TPU:
	min:   0.0002730025873013
	mean:  0.0002973544394844062
	median:0.00029168490476195
	max:   0.0003682591428687
	std:   2.1044962772213045e-05

scalar_mult:
->CPU:
	min:   4.8113746028580605e-05
	mean:  4.9057889715494904e-05
	median:4.9049809524784376e-05
	max:   5.0474603172222575e-05
	std:   4.50324432421368e-07
->GPU:
	min:   0.0001483462539677
	mean:  0.00017597371263224177
	median:0.00017643507936505
	max:   0.0002124528412726
	std:   1.3565269265346124e-05
->MYRIAD:
	min:   0.0014087944126956
	mean:  0.0017222759755286038
	median:0.0016194651904827499
	max:   0.0023715640634922
	std:   0.00025911295253949816
->TPU:
	min:   0.0001831821269834
	mean:  0.00023394053075391456
	median:0.00021987244444030002
	max:   0.0005299377142884
	std:   6.506576855018285e-05

scalar_mult_stacked3:
->CPU:
	min:   4.8113746028580605e-05
	mean:  4.8804952877205873e-05
	median:4.8786730159254e-05
	max:   4.95436984093676e-05
	std:   3.3761202358877276e-07
->GPU:
	min:   0.0001483462539677
	mean:  0.00017712733482132183
	median:0.00017795103174585
	max:   0.0002027162698408
	std:   1.258855717779222e-05
->MYRIAD:
	min:   0.0014477817142809
	mean:  0.0016895795376971811
	median:0.00160107695238465
	max:   0.0023391607936511
	std:   0.0002453677487729612
->TPU:
	min:   0.0001956449841311
	mean:  0.00023047018749966874
	median:0.0002011085396747
	max:   0.0004145421587256
	std:   5.7609692171518795e-05

scalar_mult_stacked8:
->CPU:
	min:   4.8687317461920585e-05
	mean:  4.9415778273028665e-05
	median:4.931532539413884e-05
	max:   5.0474603172222575e-05
	std:   4.119616525711274e-07
->GPU:
	min:   0.0001542025238107
	mean:  0.00017506969146789688
	median:0.00017623902380944998
	max:   0.0002124528412726
	std:   1.4947613342396594e-05
->MYRIAD:
	min:   0.0014087944126956
	mean:  0.0017245987480138778
	median:0.0016384619920577
	max:   0.0023715640634922
	std:   0.0002711263321153692
->TPU:
	min:   0.0002294754761943
	mean:  0.0002708890124005656
	median:0.0002418156111147
	max:   0.0005299377142884
	std:   7.682082585016885e-05

small_dense:
->CPU:
	min:   6.154123809484724e-05
	mean:  6.96104596559486e-05
	median:6.742503967957636e-05
	max:   8.10550317481333e-05
	std:   6.683273036304568e-06
->GPU:
	min:   0.0001661894444435
	mean:  0.0002480671595569031
	median:0.00023661698412699998
	max:   0.0003480929682544
	std:   4.7629621498772586e-05
->MYRIAD:
	min:   0.0014571865079392
	mean:  0.002041482772652109
	median:0.0019241566507901499
	max:   0.0028125715238101
	std:   0.0004047028134852488
->TPU:
	min:   0.0001896370158719
	mean:  0.000287936551256071
	median:0.00025786747619344996
	max:   0.0004374221904823
	std:   7.779098669160978e-05

small_dense_stacked3:
->CPU:
	min:   6.599550793647982e-05
	mean:  6.732405505869923e-05
	median:6.742503967957636e-05
	max:   6.980768253809416e-05
	std:   6.759574097951424e-07
->GPU:
	min:   0.0001922910793642
	mean:  0.00023406154365056877
	median:0.00023515471428659998
	max:   0.0002799294920625
	std:   2.3452179960600226e-05
->MYRIAD:
	min:   0.001528534492074
	mean:  0.001963186009920747
	median:0.001870935373005
	max:   0.0025710279206245
	std:   0.0003413851866501666
->TPU:
	min:   0.0002329487777763
	mean:  0.0002689964117063781
	median:0.0002537781746006
	max:   0.0004214760793541
	std:   4.5370095389947624e-05

small_dense_stacked8:
->CPU:
	min:   7.643730158532789e-05
	mean:  7.862274851269886e-05
	median:7.866500793949984e-05
	max:   8.10550317481333e-05
	std:   1.112708628512907e-06
->GPU:
	min:   0.0002689235079381
	mean:  0.0003072192266866344
	median:0.0003049937222232
	max:   0.0003480929682544
	std:   1.567394415069131e-05
->MYRIAD:
	min:   0.0016644175396914
	mean:  0.002362093793154094
	median:0.0024635860079378503
	max:   0.0028125715238101
	std:   0.00037607414245119787
->TPU:
	min:   0.0003610601746018
	mean:  0.0003839206299596124
	median:0.00038067230158435
	max:   0.0004374221904823
	std:   1.753883121844352e-05

big_dense:
->CPU:
	min:   6.16832063488324e-05
	mean:  0.0001293613252310203
	median:8.522900793650479e-05
	max:   0.0002414688253973
	std:   7.535802074232749e-05
->GPU:
	min:   0.0001683302063524
	mean:  0.0003470179060847396
	median:0.00027971697618935
	max:   0.0006145989047621
	std:   0.00015108637525255376
->MYRIAD:
	min:   0.0014981229206381
	mean:  0.002186052932375455
	median:0.00208513539683685
	max:   0.0030443801428595
	std:   0.0004332686816748076
->TPU:
	min:   0.0002371268412735
	mean:  0.008459218987929082
	median:0.0004575206587307
	max:   0.0246740156190493
	std:   0.011436190397712783

big_dense_stacked3:
->CPU:
	min:   8.334634920838797e-05
	mean:  8.834124305475715e-05
	median:8.498549206186519e-05
	max:   0.0001823308412707
	std:   1.69266073983473e-05
->GPU:
	min:   0.0002458642857127
	mean:  0.0002813734419643344
	median:0.00027971697618935
	max:   0.0003316700476211
	std:   2.2079922246583612e-05
->MYRIAD:
	min:   0.0015818690000005
	mean:  0.0021251834315485596
	median:0.0020653647380958
	max:   0.0027341444920672
	std:   0.0003245789721900546
->TPU:
	min:   0.0004292198888891
	mean:  0.0004712767837291312
	median:0.0004531971825426
	max:   0.0006445605396861
	std:   4.74358388122476e-05

big_dense_stacked8:
->CPU:
	min:   0.0002279177301571
	mean:  0.00023259466021835316
	median:0.00023258885714365
	max:   0.0002414688253973
	std:   3.164950452097261e-06
->GPU:
	min:   0.0004761653333335
	mean:  0.0005532738680554532
	median:0.00055837195238
	max:   0.0006145989047621
	std:   3.080235020434625e-05
->MYRIAD:
	min:   0.0018280170158779
	mean:  0.002563241638890406
	median:0.0026646248333351
	max:   0.0030443801428595
	std:   0.0003266054518526301
->TPU:
	min:   0.0245659012222267
	mean:  0.024631939337300904
	median:0.024635449126984052
	max:   0.0246740156190493
	std:   2.715925425051014e-05

simple_conv2d:
->CPU:
	min:   0.0004768468571412
	mean:  0.0011027735944107795
	median:0.0009335495952359
	max:   0.0018934123333334
	std:   0.0005824514687884402
->GPU:
	min:   0.0007973818253973
	mean:  0.0013437131084652679
	median:0.00120189765873015
	max:   0.0020438811587277
	std:   0.0004899027714397918
->MYRIAD:
	min:   0.0079595283650777
	mean:  0.011171842541005136
	median:0.010322421722220351
	max:   0.0152046527460293
	std:   0.0027874800886272806
->TPU:
	min:   0.01038903098412
	mean:  0.010799543769014805
	median:0.01075580577777315
	max:   0.0116049139841278
	std:   0.0003027980127581156

simple_conv2d_stacked3:
->CPU:
	min:   0.0009240083650761
	mean:  0.00093329259126855
	median:0.0009335495952359
	max:   0.0009421141904741
	std:   4.8668474031036385e-06
->GPU:
	min:   0.0011327939999982
	mean:  0.0011997368616064967
	median:0.00120189765873015
	max:   0.0012283077777781
	std:   1.868117285280624e-05
->MYRIAD:
	min:   0.0102518599206444
	mean:  0.010387211030257956
	median:0.010322421722220351
	max:   0.0107184120634912
	std:   0.00011970563689819009
->TPU:
	min:   0.0104794170793678
	mean:  0.01085732400694484
	median:0.0108347455317442
	max:   0.0112837573015923
	std:   0.0002645735742598016

simple_conv2d_stacked8:
->CPU:
	min:   0.0018784536190477
	mean:  0.0018855671230155872
	median:0.00188523280158615
	max:   0.0018934123333334
	std:   3.305340640482009e-06
->GPU:
	min:   0.0019720240476191
	mean:  0.002002197503968215
	median:0.002001063071429
	max:   0.0020438811587277
	std:   1.744842517904676e-05
->MYRIAD:
	min:   0.0147589436666662
	mean:  0.014906659037201843
	median:0.01485606006349005
	max:   0.0152046527460293
	std:   0.00013190861663427264
->TPU:
	min:   0.0105160920952368
	mean:  0.010957926087796945
	median:0.01081652920634185
	max:   0.0116049139841278
	std:   0.00030909093021741084

dilated_conv2d:
->CPU:
	min:   0.0004691166190429
	mean:  0.0009975338267195822
	median:0.0008725163888919499
	max:   0.0016584651111121
	std:   0.0004813130391955758
->GPU:
	min:   0.0006994473809509
	mean:  0.0012757570327379577
	median:0.0011317436746038
	max:   0.0020364576984129
	std:   0.0004730601993093042
->MYRIAD:
	min:   0.0088017869206345
	mean:  0.014615513695436476
	median:0.01323512181745655
	max:   0.0217612209523813
	std:   0.005204589448415073
->TPU:
	min:   0.0090268213968253
	mean:  0.009947458602844126
	median:0.010112012658730251
	max:   0.0108063741428474
	std:   0.0005079026782733537

dilated_conv2d_stacked3:
->CPU:
	min:   0.0008505606984178
	mean:  0.0008702413621036654
	median:0.0008725163888919499
	max:   0.0009001405079389
	std:   1.0277731791920592e-05
->GPU:
	min:   0.001089260396826
	mean:  0.0011344045376982593
	median:0.0011317436746038
	max:   0.0011780976666657
	std:   1.9627045477649262e-05
->MYRIAD:
	min:   0.0130383135555536
	mean:  0.01327831805803543
	median:0.01323512181745655
	max:   0.0135274039841302
	std:   0.00015474983069980252
->TPU:
	min:   0.009757645492069
	mean:  0.010083842549602741
	median:0.01007701824603405
	max:   0.0107815583650812
	std:   0.0002853934209599364

dilated_conv2d_stacked8:
->CPU:
	min:   0.0016352276190431
	mean:  0.0016401765094248718
	median:0.0016396356904769499
	max:   0.0016584651111121
	std:   3.776491638318339e-06
->GPU:
	min:   0.0018649461587287
	mean:  0.0019114571170632494
	median:0.00190674907142755
	max:   0.0020364576984129
	std:   4.1868319380111414e-05
->MYRIAD:
	min:   0.0213257741587377
	mean:  0.021549510466269427
	median:0.0215985392380952
	max:   0.0217612209523813
	std:   0.0001671319745110298
->TPU:
	min:   0.0090268213968253
	mean:  0.009431964606151332
	median:0.0092532866666614
	max:   0.0105956288095209
	std:   0.00046724143682005823

strided_conv2d:
->CPU:
	min:   0.0002425281269848
	mean:  0.0002533688836804454
	median:0.000250955492061
	max:   0.0002689773015903
	std:   7.038972109859985e-06
->GPU:
	min:   0.0004262905714269
	mean:  0.0004980554625497422
	median:0.0004962661031738
	max:   0.0005699784603169
	std:   3.620047561320187e-05
->MYRIAD:
	min:   0.0023515714285802
	mean:  0.003594712580852992
	median:0.0035340192063438
	max:   0.0042606010952329
	std:   0.000432361066592997
->TPU:
	min:   0.0023542940000028
	mean:  0.0028779883085301577
	median:0.0027392046984113
	max:   0.0035499741269819
	std:   0.00036509235189580847

strided_conv2d_stacked3:
->CPU:
	min:   0.0002443933650817
	mean:  0.0002494009325389469
	median:0.0002495724841263
	max:   0.0002535271587331
	std:   2.5160413948290942e-06
->GPU:
	min:   0.0004344206190472
	mean:  0.0005088239856152469
	median:0.00051973819841215
	max:   0.0005699784603169
	std:   3.7539788728952505e-05
->MYRIAD:
	min:   0.0023515714285802
	mean:  0.0036881062380956565
	median:0.00375290426983975
	max:   0.0042606010952329
	std:   0.00044954289927759373
->TPU:
	min:   0.0023542940000028
	mean:  0.0025997648154747594
	median:0.00269639582539735
	max:   0.0027502968730134
	std:   0.0001401681382140667

big_conv2d:
->CPU:
	min:   0.0006284933174572
	mean:  0.0030471019902443123
	median:0.0026184691825424
	max:   0.0059260453333283
	std:   0.0021659618244679706
->GPU:
	min:   0.0007689543809531
	mean:  0.0018105860780422394
	median:0.00158655742063455
	max:   0.0032605774761917
	std:   0.0009292885569478197
->MYRIAD:
	min:   0.0078884593174532
	mean:  0.011811046250496
	median:0.01115708912698565
	max:   0.0164672217777854
	std:   0.0033055609513454316
->TPU:
	min:   0.0099222716507938
	mean:  0.010589963531580258
	median:0.010383024230162501
	max:   0.0123205190793669
	std:   0.0006143896818886177

big_conv2d_stacked3:
->CPU:
	min:   0.0026151270634987
	mean:  0.002620194142856581
	median:0.0026184691825424
	max:   0.0026438252539625
	std:   5.987011131415709e-06
->GPU:
	min:   0.0015393296666663
	mean:  0.0015870741483134776
	median:0.00158655742063455
	max:   0.0016607736031743
	std:   2.2728621999995146e-05
->MYRIAD:
	min:   0.010986653158744
	mean:  0.011234543843750763
	median:0.01115708912698565
	max:   0.0115250075873013
	std:   0.0001544227225876558
->TPU:
	min:   0.0101808398730143
	mean:  0.010505268383433086
	median:0.01037304729365245
	max:   0.0116746936349204
	std:   0.00031492897198712264

big_conv2d_stacked8:
->CPU:
	min:   0.0058789717619032
	mean:  0.005887405945435728
	median:0.00588437521428705
	max:   0.0059260453333283
	std:   8.297376250719253e-06
->GPU:
	min:   0.0029509404126974
	mean:  0.003042645351686456
	median:0.0030237603571418997
	max:   0.0032605774761917
	std:   6.905115638523433e-05
->MYRIAD:
	min:   0.0159815008412676
	mean:  0.016112584189482825
	median:0.016022126984122198
	max:   0.0164672217777854
	std:   0.0001481613534831927
->TPU:
	min:   0.0099222716507938
	mean:  0.011037269952380552
	median:0.01095522058729985
	max:   0.0123205190793669
	std:   0.0008049867887213904

small_conv2d:
->CPU:
	min:   0.0004601687142851
	mean:  0.0010939700524143687
	median:0.0009057336428596
	max:   0.0019454623174646
	std:   0.0006018178934973493
->GPU:
	min:   0.0006656211746072
	mean:  0.001145505286210199
	median:0.0010318352222227
	max:   0.0017390026190469
	std:   0.0003856903111456809
->MYRIAD:
	min:   0.0067436757936515
	mean:  0.009991322103340094
	median:0.009258194388888651
	max:   0.0138989447618985
	std:   0.00275852664943345
->TPU:
	min:   0.0103233573650825
	mean:  0.010718411306217234
	median:0.010702613333330401
	max:   0.0117358614444446
	std:   0.00025830147309615395

small_conv2d_stacked3:
->CPU:
	min:   0.0009000949206286
	mean:  0.000905847247519975
	median:0.0009057336428596
	max:   0.0009093817460318
	std:   1.8250129557272858e-06
->GPU:
	min:   0.0009947727460311
	mean:  0.0010295246899798686
	median:0.0010318352222227
	max:   0.0010588017777777
	std:   1.6182514230297553e-05
->MYRIAD:
	min:   0.0091293782381023
	mean:  0.009319953227183321
	median:0.009258194388888651
	max:   0.0096479451746009
	std:   0.00014947971583171318
->TPU:
	min:   0.0104172053333318
	mean:  0.01076280089930641
	median:0.01074985913491545
	max:   0.0112334010634965
	std:   0.00024811965785966105

small_conv2d_stacked8:
->CPU:
	min:   0.0019001218730149
	mean:  0.0019068495570444027
	median:0.0019057685634913
	max:   0.0019454623174646
	std:   7.22249928124119e-06
->GPU:
	min:   0.0016033902222247
	mean:  0.0016640197306548499
	median:0.00166034963491965
	max:   0.0017390026190469
	std:   3.117641298901305e-05
->MYRIAD:
	min:   0.0134427629523738
	mean:  0.01364966611656682
	median:0.013647255626979299
	max:   0.0138989447618985
	std:   0.00016000764474620026
->TPU:
	min:   0.0106095201904786
	mean:  0.010852463612599329
	median:0.01075526719046855
	max:   0.0117358614444446
	std:   0.00023552049029813943

many_conv2d:
->CPU:
	min:   0.006158452444435
	mean:  0.122305047127976
	median:0.0886792811904761
	max:   0.2729797772380917
	std:   0.11102550879396912
->GPU:
	min:   0.0077835533968373
	mean:  0.0871250930568791
	median:0.0638344747301686
	max:   0.1926814155396843
	std:   0.07597911765013492
->MYRIAD:
	min:   0.0830405147618933
	mean:  0.29689567063161476
	median:0.24073489894443706
	max:   0.5983451681428512
	std:   0.20031500915828118
->TPU:
	min:   0.180004663111114
	mean:  0.20772410891253223
	median:0.1999184798412696
	max:   0.2442050750793665
	std:   0.026064132294465168

many_conv2d_stacked3:
->CPU:
	min:   0.088586596777777
	mean:  0.08869022016368949
	median:0.0886792811904761
	max:   0.0888642400317448
	std:   6.956467935835889e-05
->GPU:
	min:   0.0636859979047672
	mean:  0.06390564471379029
	median:0.0638344747301686
	max:   0.0649562841904659
	std:   0.00028551575214907075
->MYRIAD:
	min:   0.2396097563333381
	mean:  0.24079440208283795
	median:0.24073489894443706
	max:   0.2419276991587385
	std:   0.000543362699999528
->TPU:
	min:   0.1993093793968174
	mean:  0.20001528199801416
	median:0.1999184798412696
	max:   0.2022030186190527
	std:   0.0005902866880250243

many_conv2d_stacked8:
->CPU:
	min:   0.2715117244761853
	mean:  0.27193745753075454
	median:0.27194543640475854
	max:   0.2729797772380917
	std:   0.0002989801731466671
->GPU:
	min:   0.1889442450952369
	mean:  0.1895886015431556
	median:0.18937209230158714
	max:   0.1926814155396843
	std:   0.0009265893844025426
->MYRIAD:
	min:   0.5631516267301719
	mean:  0.5653838674206384
	median:0.564296716293657
	max:   0.5983451681428512
	std:   0.005954705761317163
->TPU:
	min:   0.2408359788412723
	mean:  0.24278348733928568
	median:0.24266681357142705
	max:   0.2442050750793665
	std:   0.000865141931561883

few_conv2d:
->CPU:
	min:   0.00035556180952
	mean:  0.0005695555902775273
	median:0.0005158747619047
	max:   0.0008282604126973
	std:   0.00019071879508567732
->GPU:
	min:   0.0005193499365081
	mean:  0.0007825896180558732
	median:0.00073619363491965
	max:   0.0010517067301602
	std:   0.00017973033128806983
->MYRIAD:
	min:   0.0033498187460339
	mean:  0.0070642078196102515
	median:0.0066651719285757
	max:   0.0101533776666641
	std:   0.0021627873412253373
->TPU:
	min:   0.0046742657142882
	mean:  0.005674510631447655
	median:0.00530896844444455
	max:   0.0080095158253979
	std:   0.000900148603941423

few_conv2d_stacked3:
->CPU:
	min:   0.0005108755079322
	mean:  0.0005161447683531875
	median:0.0005158747619047
	max:   0.0005223190476225
	std:   2.6678350510631585e-06
->GPU:
	min:   0.0006851548253973
	mean:  0.0007294074007936938
	median:0.00073619363491965
	max:   0.0007705489047617
	std:   2.7245318760042824e-05
->MYRIAD:
	min:   0.0062331274920657
	mean:  0.006635348282243365
	median:0.0066651719285757
	max:   0.006907877063491
	std:   0.00016478990375557164
->TPU:
	min:   0.0049742499682502
	mean:  0.0054887897604155465
	median:0.005195731317454599
	max:   0.0073073932539594
	std:   0.0006206583250195221

few_conv2d_stacked8:
->CPU:
	min:   0.0008219334285751
	mean:  0.0008251189935511216
	median:0.0008256282301569999
	max:   0.0008282604126973
	std:   1.8604571279674406e-06
->GPU:
	min:   0.0009890247301593
	mean:  0.0010221542688494624
	median:0.001025927317462
	max:   0.0010517067301602
	std:   1.6541487679545414e-05
->MYRIAD:
	min:   0.0096154807777797
	mean:  0.009852646151785575
	median:0.009788326484123751
	max:   0.0101533776666641
	std:   0.00015730462076656913
->TPU:
	min:   0.0058145516190456
	mean:  0.00655761040228125
	median:0.0060485191349204
	max:   0.0080095158253979
	std:   0.0008130602605798924



First of Inference Batch:
-------------------------
relu_act:
->CPU:
	min:   0.0003444220001256
	mean:  0.00036611192187757966
	median:0.0003601324999635
	max:   0.0007628560001649
	std:   3.211799252547577e-05
->GPU:
	min:   0.0004501739999795
	mean:  0.0006305335416704825
	median:0.0006384595000099
	max:   0.0008114470000464
	std:   7.15449084094553e-05
->MYRIAD:
	min:   0.0018174310002905
	mean:  0.0022346891614214333
	median:0.0020146985000337
	max:   0.0050082210000255
	std:   0.0005258866736257299
->TPU:
	min:   4.768000508192927e-06
	mean:  0.00011271970832162259
	median:0.00011111899993918557
	max:   0.0004449170000953
	std:   0.00010031755663235868

relu_act_stacked3:
->CPU:
	min:   0.0003516410001793
	mean:  0.0003665750937571
	median:0.00036090799994775
	max:   0.0004539910000858
	std:   1.6884079645249776e-05
->GPU:
	min:   0.0005114499999763
	mean:  0.0006369657031281595
	median:0.00064508800005565
	max:   0.00077844000009
	std:   6.654329774301799e-05
->MYRIAD:
	min:   0.0018542449997767
	mean:  0.0022423172343834638
	median:0.00199969349955605
	max:   0.0050082210000255
	std:   0.0005477339285122909
->TPU:
	min:   5.825000243930845e-06
	mean:  0.00011291485936479903
	median:0.00010524300000723204
	max:   0.0002993329999299
	std:   9.911019957277575e-05

relu_act_stacked8:
->CPU:
	min:   0.0003444220001256
	mean:  0.00036565260940330316
	median:0.0003610924998156
	max:   0.0004277419998288
	std:   1.4835021487651412e-05
->GPU:
	min:   0.0005133860001933
	mean:  0.0006539354062357734
	median:0.00066836450002935
	max:   0.0008114470000464
	std:   7.15895463439647e-05
->MYRIAD:
	min:   0.001895135000268
	mean:  0.0023199609843231337
	median:0.00207276850051125
	max:   0.0045392360007099
	std:   0.0005608927566843981
->TPU:
	min:   8.845000138535397e-06
	mean:  0.00011613329687064029
	median:0.00011111899993918557
	max:   0.0004449170000953
	std:   0.00010470844745309404

leaky_relu_act:
->CPU:
	min:   0.0003444220001256
	mean:  0.00036743185415838973
	median:0.00035978699997935
	max:   0.0007628560001649
	std:   4.3190414863429605e-05
->GPU:
	min:   0.0004631229999176
	mean:  0.0006465612291771521
	median:0.00064976150019895
	max:   0.0008114470000464
	std:   6.814957779752233e-05
->MYRIAD:
	min:   0.0018174310002905
	mean:  0.002217500927088121
	median:0.0020090405000700497
	max:   0.0050082210000255
	std:   0.0005500905335804556
->TPU:
	min:   4.768000508192927e-06
	mean:  1.630171875414514e-05
	median:1.5151999605222954e-05
	max:   4.187099966657115e-05
	std:   7.4288148111572936e-06

leaky_relu_act_stacked3:
->CPU:
	min:   0.0003516410001793
	mean:  0.00036889321873440637
	median:0.00036136599987905
	max:   0.0004539910000858
	std:   2.0481735506884566e-05
->GPU:
	min:   0.0005307029999812
	mean:  0.0006556070625193814
	median:0.00065776400003865
	max:   0.00077844000009
	std:   5.9638280338233185e-05
->MYRIAD:
	min:   0.0018581409995022
	mean:  0.002223398562506378
	median:0.00199969349955605
	max:   0.0050082210000255
	std:   0.0005837343942534191
->TPU:
	min:   5.825000243930845e-06
	mean:  1.6091531250594926e-05
	median:1.311450023422367e-05
	max:   2.971399999296409e-05
	std:   7.396420732478284e-06

leaky_relu_act_stacked8:
->CPU:
	min:   0.0003444220001256
	mean:  0.00036513196876337186
	median:0.0003618395001012
	max:   0.0003912199999831
	std:   1.1814742692585966e-05
->GPU:
	min:   0.0005133860001933
	mean:  0.0006603768124761717
	median:0.000669294999966
	max:   0.0008114470000464
	std:   7.770184263640918e-05
->MYRIAD:
	min:   0.001895135000268
	mean:  0.002374168906300106
	median:0.0020790480002687503
	max:   0.0044347900002321
	std:   0.0006125142393872437
->TPU:
	min:   8.845000138535397e-06
	mean:  1.9872625003358735e-05
	median:1.848549959504453e-05
	max:   4.187099966657115e-05
	std:   7.110940816576674e-06

tanh_act:
->CPU:
	min:   0.0003507639999043
	mean:  0.00036087862500736034
	median:0.00036200400018055
	max:   0.000398308000058
	std:   6.807085785066645e-06
->GPU:
	min:   0.0004507060000378
	mean:  0.0006524184166576719
	median:0.0006401540000524
	max:   0.0008295449999877
	std:   8.579840424247557e-05
->MYRIAD:
	min:   0.0018286909999005
	mean:  0.002186163541736563
	median:0.00204579199998985
	max:   0.0046069750005699
	std:   0.00045563739567653543
->TPU:
	min:   0.0001844600001277
	mean:  0.0002922871770464969
	median:0.0002692594998734
	max:   0.0006079839995436
	std:   9.952649456876846e-05

tanh_act_stacked3:
->CPU:
	min:   0.0003523929999573
	mean:  0.00036168818746768134
	median:0.00036201349985270003
	max:   0.000398308000058
	std:   8.39830900611716e-06
->GPU:
	min:   0.0005600599999979
	mean:  0.0006519923437550845
	median:0.0006411935000869
	max:   0.0007755609999549
	std:   6.433904137865218e-05
->MYRIAD:
	min:   0.0018286909999005
	mean:  0.002111268656307119
	median:0.00197345200012925
	max:   0.0040174089999709
	std:   0.00039372306848662215
->TPU:
	min:   0.0002045450000878
	mean:  0.0002788991249360125
	median:0.00022117349999455
	max:   0.0006079839995436
	std:   0.00011784637869822172

tanh_act_stacked8:
->CPU:
	min:   0.0003557400000318
	mean:  0.0003634227500270562
	median:0.00036340099995865
	max:   0.0003705340000124
	std:   2.7061781482977253e-06
->GPU:
	min:   0.0005914889999303
	mean:  0.0007220320937370625
	median:0.0007168440000099999
	max:   0.0008295449999877
	std:   6.66895878096125e-05
->MYRIAD:
	min:   0.0019491650000418
	mean:  0.0022561588750562
	median:0.0020900819999951003
	max:   0.0046069750005699
	std:   0.0005035904762958816
->TPU:
	min:   0.0002647970004545
	mean:  0.00030913621873191567
	median:0.00027905399997505
	max:   0.0005906599999434
	std:   6.778110646847543e-05

sigmoid_act:
->CPU:
	min:   0.0003546849998201
	mean:  0.00036669610416590324
	median:0.0003622304998316
	max:   0.0003983520000474
	std:   1.174671826173372e-05
->GPU:
	min:   0.0004643319998649
	mean:  0.0006421284791689176
	median:0.0006439875000978
	max:   0.000795016000211
	std:   7.950274794951303e-05
->MYRIAD:
	min:   0.0017971329998545
	mean:  0.0021877610937792204
	median:0.0020144879999860997
	max:   0.004310907999752
	std:   0.00047366976199904776
->TPU:
	min:   0.000184516000445
	mean:  0.0002595911667194584
	median:0.00023709299989599998
	max:   0.0005323340001268
	std:   7.377839386983399e-05

sigmoid_act_stacked3:
->CPU:
	min:   0.0003558449998308
	mean:  0.0003649582812669875
	median:0.0003611150000324
	max:   0.0003966379999837
	std:   1.0650127797384384e-05
->GPU:
	min:   0.0005251509999197
	mean:  0.0006692312812574624
	median:0.00069006450002
	max:   0.0007766819999233
	std:   6.509604647149915e-05
->MYRIAD:
	min:   0.001818736000132
	mean:  0.0020857661250487996
	median:0.00196628300000155
	max:   0.0032860900000741
	std:   0.00031647248666896895
->TPU:
	min:   0.000205105000532
	mean:  0.00025325318748054064
	median:0.00022361250034915
	max:   0.0005323340001268
	std:   7.08598882900935e-05

sigmoid_act_stacked8:
->CPU:
	min:   0.0003571030001694
	mean:  0.0003683484687541719
	median:0.00036397600001685003
	max:   0.0003983520000474
	std:   1.1747699324757482e-05
->GPU:
	min:   0.0005578190002779
	mean:  0.0006797663125048249
	median:0.0006844445000524
	max:   0.000795016000211
	std:   6.327153864205842e-05
->MYRIAD:
	min:   0.0019360750002306
	mean:  0.00229130775012715
	median:0.0020997874999011
	max:   0.0035944940000263
	std:   0.00043227618872314886
->TPU:
	min:   0.0002640050006448
	mean:  0.0003068468439692563
	median:0.00028788750000780005
	max:   0.0004307019999032
	std:   4.7860679196374326e-05

scalar_mult:
->CPU:
	min:   0.0003392919998077
	mean:  0.0003649910833397459
	median:0.0003608715001064
	max:   0.0004299789998185
	std:   1.4131221032371389e-05
->GPU:
	min:   0.0005143659998338
	mean:  0.0006498036041536617
	median:0.0006534514999998
	max:   0.0007960319999256
	std:   6.553737383936388e-05
->MYRIAD:
	min:   0.0018085190004057
	mean:  0.0021125289895753932
	median:0.00194974399983035
	max:   0.0034484109992263
	std:   0.00035867575158457494
->TPU:
	min:   0.0001802450001378
	mean:  0.0002423555624867386
	median:0.0002256399998259
	max:   0.0006105299999035
	std:   7.798133900344779e-05

scalar_mult_stacked3:
->CPU:
	min:   0.0003392919998077
	mean:  0.00036501978124187497
	median:0.00036068100007465
	max:   0.0004299789998185
	std:   1.5456654771097207e-05
->GPU:
	min:   0.0005530529999759
	mean:  0.0006602784374826782
	median:0.0006593984999198499
	max:   0.0007960319999256
	std:   5.771357609488501e-05
->MYRIAD:
	min:   0.0018456379998497
	mean:  0.0021739629375331967
	median:0.00195597849983635
	max:   0.0034192379998785
	std:   0.00043481408213427605
->TPU:
	min:   0.0001923130002978
	mean:  0.00023050081247783132
	median:0.00020792650025209999
	max:   0.0004677919996538
	std:   5.449539391290279e-05

scalar_mult_stacked8:
->CPU:
	min:   0.0003566290001799
	mean:  0.0003644985625327875
	median:0.0003597265001644
	max:   0.0004236250001667
	std:   1.3788261612340134e-05
->GPU:
	min:   0.0005170250000219
	mean:  0.0006324514687392003
	median:0.0006156149999014501
	max:   0.0007694600000149
	std:   6.611323014209357e-05
->MYRIAD:
	min:   0.0018250970006192
	mean:  0.0021045632812217285
	median:0.00194733250009445
	max:   0.0034484109992263
	std:   0.0003684971345380561
->TPU:
	min:   0.0002304209992871
	mean:  0.00028370731247657187
	median:0.0002408170000762
	max:   0.0006105299999035
	std:   9.033363263641415e-05

small_dense:
->CPU:
	min:   0.0003685159999804
	mean:  0.00041291154166832404
	median:0.00041046300020745
	max:   0.0004621250000127
	std:   1.5511983809428462e-05
->GPU:
	min:   0.0005276419999518
	mean:  0.0007613255416671366
	median:0.0007550025
	max:   0.0009875509999801
	std:   0.00010400733194618458
->MYRIAD:
	min:   0.0018375689996901
	mean:  0.0022272882707927923
	median:0.0020994749997953
	max:   0.0061088160000508
	std:   0.0005282265067647347
->TPU:
	min:   0.0001860669999587
	mean:  0.00029777858329769585
	median:0.00026928100010075
	max:   0.0006318220002867
	std:   8.779295482181886e-05

small_dense_stacked3:
->CPU:
	min:   0.0003685159999804
	mean:  0.00040782556249035947
	median:0.00041052899996425003
	max:   0.0004621250000127
	std:   1.6500281602926044e-05
->GPU:
	min:   0.0005889779999961
	mean:  0.0007453029999950344
	median:0.0007617254999558499
	max:   0.0008250739999766
	std:   6.241652636292874e-05
->MYRIAD:
	min:   0.0018990930002473
	mean:  0.0022367444688028964
	median:0.0019970665002801502
	max:   0.0061088160000508
	std:   0.0007924736806523644
->TPU:
	min:   0.0002267049999318
	mean:  0.00027867596865855304
	median:0.0002636495000842
	max:   0.0004404820001582
	std:   5.4501777497625505e-05

small_dense_stacked8:
->CPU:
	min:   0.0003795779998654
	mean:  0.0004187360000286781
	median:0.00041914550024555
	max:   0.0004577790000439
	std:   1.5641011206417513e-05
->GPU:
	min:   0.0007414369999878
	mean:  0.0008658720312730342
	median:0.0008953999999903
	max:   0.0009875509999801
	std:   7.816890835689783e-05
->MYRIAD:
	min:   0.0020579409992933
	mean:  0.0023309108748889623
	median:0.00224137800023525
	max:   0.0032522740002605
	std:   0.0002430957793508017
->TPU:
	min:   0.0003306660000816
	mean:  0.0003937278750213969
	median:0.0003808210001352
	max:   0.0006318220002867
	std:   6.488752780377987e-05

big_dense:
->CPU:
	min:   0.0004135540002607
	mean:  0.0006241178646130197
	median:0.0005008410000755001
	max:   0.0071233270000448
	std:   0.0006801010600207356
->GPU:
	min:   0.0005499909999571
	mean:  0.0008910261874923222
	median:0.00082004799992315
	max:   0.0013161379999928
	std:   0.0002231377241313537
->MYRIAD:
	min:   0.0018736080000962
	mean:  0.002390380031248612
	median:0.00224323449992875
	max:   0.004550293000193
	std:   0.0005369519996944673
->TPU:
	min:   0.000216378999994
	mean:  0.008465460947940973
	median:0.0004563115001019
	max:   0.0246945280005093
	std:   0.011435542708227

big_dense_stacked3:
->CPU:
	min:   0.000442645000021
	mean:  0.0005153674062654093
	median:0.00050048950015475
	max:   0.0009104859996114
	std:   7.332022435231392e-05
->GPU:
	min:   0.0006950929999902
	mean:  0.0008087274687440002
	median:0.00082004799992315
	max:   0.0009467099999938
	std:   6.73549239651094e-05
->MYRIAD:
	min:   0.0019654779998745
	mean:  0.0021852690937719872
	median:0.0021730114999627
	max:   0.0027987479998046
	std:   0.00017765680634431892
->TPU:
	min:   0.0004136200000175
	mean:  0.00046692178126756244
	median:0.0004563115001019
	max:   0.0007570660000055
	std:   6.635967612164303e-05

big_dense_stacked8:
->CPU:
	min:   0.0007005450001997
	mean:  0.0007260003124968752
	median:0.0007239315000333001
	max:   0.0008023149998734
	std:   1.6609427444798743e-05
->GPU:
	min:   0.0010857370000394
	mean:  0.0011842759687503254
	median:0.0011932900000601499
	max:   0.0013161379999928
	std:   5.679592418702979e-05
->MYRIAD:
	min:   0.0022675149998576
	mean:  0.0029023684062110125
	median:0.0028527375004614
	max:   0.004550293000193
	std:   0.0005838024051391324
->TPU:
	min:   0.0246023839999907
	mean:  0.024637264687555626
	median:0.02464419699981585
	max:   0.0246945280005093
	std:   2.5058661827223236e-05

simple_conv2d:
->CPU:
	min:   0.0008723200003259
	mean:  0.0015350117500123849
	median:0.0013961380000182002
	max:   0.0026250569999319
	std:   0.0005787442250986638
->GPU:
	min:   0.0015697640001235
	mean:  0.002211521520822594
	median:0.00193864300001675
	max:   0.0031562809999741
	std:   0.000508246166309915
->MYRIAD:
	min:   0.006495358000393
	mean:  0.010287101999968651
	median:0.00951849650004985
	max:   0.0148520259999713
	std:   0.0029570096987304507
->TPU:
	min:   0.0103775400002632
	mean:  0.010699143885474839
	median:0.01068032299986035
	max:   0.0113812540002982
	std:   0.00017446739326538213

simple_conv2d_stacked3:
->CPU:
	min:   0.0013298970002324
	mean:  0.001399921156305997
	median:0.0013961380000182002
	max:   0.0017175069997392
	std:   6.19383758094208e-05
->GPU:
	min:   0.0018313220000436
	mean:  0.0019361577499949628
	median:0.0019188099999496002
	max:   0.0021204189997661
	std:   5.669596732539922e-05
->MYRIAD:
	min:   0.0087669050008116
	mean:  0.009421019468675188
	median:0.00951849650004985
	max:   0.0100223850004113
	std:   0.0003606913898878806
->TPU:
	min:   0.0105229030000373
	mean:  0.010745031562578286
	median:0.0107495365000431
	max:   0.0110628339998584
	std:   0.00012746830339089476

simple_conv2d_stacked8:
->CPU:
	min:   0.0022600689999308
	mean:  0.002296458499984
	median:0.0022736440000698504
	max:   0.0026250569999319
	std:   7.222272269761391e-05
->GPU:
	min:   0.0026663440000902
	mean:  0.0029082865312232875
	median:0.0028872249999949
	max:   0.0031562809999741
	std:   0.00014121137786479146
->MYRIAD:
	min:   0.0135365100004491
	mean:  0.01423153028125052
	median:0.014221250999980749
	max:   0.0148520259999713
	std:   0.0003004879993379091
->TPU:
	min:   0.0105399200001556
	mean:  0.010769682937521402
	median:0.0106942965001053
	max:   0.0113812540002982
	std:   0.00019829257951619437

dilated_conv2d:
->CPU:
	min:   0.0008668689997648
	mean:  0.0013956493437442413
	median:0.0012837424997087
	max:   0.0021886590002395
	std:   0.00044532926791405905
->GPU:
	min:   0.0015156319998368
	mean:  0.0021419052604265223
	median:0.0019263894999994
	max:   0.0029568549999794
	std:   0.00043590551653042937
->MYRIAD:
	min:   0.0072166840000136
	mean:  0.013841861041640825
	median:0.0124476519999916
	max:   0.0216185019999102
	std:   0.005494172250132571
->TPU:
	min:   0.0089442100006635
	mean:  0.00991849553120493
	median:0.0100290345001212
	max:   0.0142939830002433
	std:   0.0007611859701527983

dilated_conv2d_stacked3:
->CPU:
	min:   0.0012642919996324
	mean:  0.0013140670937019183
	median:0.0012837424997087
	max:   0.0019017280001207
	std:   0.00010837685792857463
->GPU:
	min:   0.0018094569998083
	mean:  0.001969441187526356
	median:0.0019263894999994
	max:   0.0021810959999584
	std:   0.00010435743517420852
->MYRIAD:
	min:   0.0116402940002444
	mean:  0.01239166524996444
	median:0.0124476519999916
	max:   0.0133593119999204
	std:   0.0003529067903357949
->TPU:
	min:   0.0097790649997477
	mean:  0.010133802499922191
	median:0.0100190919999931
	max:   0.0127477270007148
	std:   0.0004916307346798885

dilated_conv2d_stacked8:
->CPU:
	min:   0.0019395230001464
	mean:  0.001969634781275378
	median:0.00195596999992625
	max:   0.0021886590002395
	std:   4.759189807802797e-05
->GPU:
	min:   0.0025973600000952
	mean:  0.002727147562516975
	median:0.00270610500007245
	max:   0.0029568549999794
	std:   7.80332990803592e-05
->MYRIAD:
	min:   0.0204591490000893
	mean:  0.02116480078119306
	median:0.02116153249971825
	max:   0.0216185019999102
	std:   0.00026645465386676494
->TPU:
	min:   0.0089442100006635
	mean:  0.009193589343780626
	median:0.00909256350018945
	max:   0.0110100459996829
	std:   0.00036649339851017735

strided_conv2d:
->CPU:
	min:   0.0005257049997453
	mean:  0.0005777976874909484
	median:0.0005924740000864
	max:   0.0006529900001623
	std:   3.5654962808895126e-05
->GPU:
	min:   0.0011323530000026
	mean:  0.001197711921896831
	median:0.001196488000005
	max:   0.0013326959999631
	std:   4.030197300692474e-05
->MYRIAD:
	min:   0.0031163160001597
	mean:  0.00338373548444077
	median:0.00335163950012425
	max:   0.0041505259996483
	std:   0.0001614606720652957
->TPU:
	min:   0.0019854209999721
	mean:  0.002826604125026168
	median:0.0027319700000134
	max:   0.003570617999685
	std:   0.0003395463422617925

